--> FOAM FATAL ERROR in Foam::findEtcFiles() : could not find mandatory file
    'controlDict'


--> FOAM FATAL ERROR in Foam::findEtcFiles() : could not find mandatory file
    'controlDict'


--> FOAM FATAL ERROR in Foam::findEtcFiles() : could not find mandatory file
    'controlDict'


--> FOAM FATAL ERROR in Foam::findEtcFiles() : could not find mandatory file
    'controlDict'


--> FOAM FATAL ERROR in Foam::findEtcFiles() : could not find mandatory file
    'controlDict'


--> FOAM FATAL ERROR in Foam::findEtcFiles() : could not find mandatory file
    'controlDict'


--> FOAM FATAL ERROR in Foam::findEtcFiles() : could not find mandatory file
    'controlDict'


--> FOAM FATAL ERROR in Foam::findEtcFiles() : could not find mandatory file
    'controlDict'


--> FOAM FATAL ERROR in Foam::findEtcFiles() : could not find mandatory file
    'controlDict'


--> FOAM FATAL ERROR in Foam::findEtcFiles() : could not find mandatory file
    'controlDict'


--> FOAM FATAL ERROR in Foam::findEtcFiles() : could not find mandatory file
    'controlDict'


--> FOAM FATAL ERROR in Foam::findEtcFiles() : could not find mandatory file
    'controlDict'


--> FOAM FATAL ERROR in Foam::findEtcFiles() : could not find mandatory file
    'controlDict'


--> FOAM FATAL ERROR in Foam::findEtcFiles() : could not find mandatory file
    'controlDict'


--> FOAM FATAL ERROR in Foam::findEtcFiles() : could not find mandatory file
    'controlDict'


--> FOAM FATAL ERROR in Foam::findEtcFiles() : could not find mandatory file
    'controlDict'


--> FOAM FATAL ERROR in Foam::findEtcFiles() : could not find mandatory file
    'controlDict'


--> FOAM FATAL ERROR in Foam::findEtcFiles() : could not find mandatory file
    'controlDict'


--> FOAM FATAL ERROR in Foam::findEtcFiles() : could not find mandatory file
    'controlDict'


--> FOAM FATAL ERROR in Foam::findEtcFiles() : could not find mandatory file
    'controlDict'


--> FOAM FATAL ERROR in Foam::findEtcFiles() : could not find mandatory file
    'controlDict'


--> FOAM FATAL ERROR in Foam::findEtcFiles() : could not find mandatory file
    'controlDict'


--> FOAM FATAL ERROR in Foam::findEtcFiles() : could not find mandatory file
    'controlDict'


--> FOAM FATAL ERROR in Foam::findEtcFiles() : could not find mandatory file
    'controlDict'


--> FOAM FATAL ERROR in Foam::findEtcFiles() : could not find mandatory file
    'controlDict'


--> FOAM FATAL ERROR in Foam::findEtcFiles() : could not find mandatory file
    'controlDict'


--> FOAM FATAL ERROR in Foam::findEtcFiles() : could not find mandatory file
    'controlDict'


--> FOAM FATAL ERROR in Foam::findEtcFiles() : could not find mandatory file
    'controlDict'


--> FOAM FATAL ERROR in Foam::findEtcFiles() : could not find mandatory file
    'controlDict'


--> FOAM FATAL ERROR in Foam::findEtcFiles() : could not find mandatory file
    'controlDict'


--> FOAM FATAL ERROR in Foam::findEtcFiles() : could not find mandatory file
    'controlDict'


--> FOAM FATAL ERROR in Foam::findEtcFiles() : could not find mandatory file
    'controlDict'


srun: error: gra1251: tasks 128-159: Exited with exit code 1
srun: launch/slurm: _step_signal: Terminating StepId=6556255.0
slurmstepd: error: *** STEP 6556255.0 ON gra1238 CANCELLED AT 2023-05-16T15:25:40 ***
srun: error: gra1238: tasks 0-31: Terminated
srun: error: gra1245: tasks 64-95: Terminated
srun: error: gra1325: tasks 224-255: Terminated
srun: error: gra1246: tasks 96-127: Terminated
srun: error: gra1317: tasks 160-191: Terminated
srun: error: gra1320: tasks 192-223: Terminated
srun: error: gra1239: tasks 32-63: Terminated
srun: Force Terminated StepId=6556255.0
/var/spool/slurmd/job6556255/slurm_script: line 11: reconstructPar: command not found
